# JRE version: Java(TM) SE Runtime Environment (8.0_111-b14) (build 1.8.0_111-b14)
# Java VM: Java HotSpot(TM) 64-Bit Server VM (25.111-b14 mixed mode bsd-amd64 compressed oops)
Heap:
 PSYoungGen      total 415744K, used 272123K [0x0000000795580000, 0x00000007b0800000, 0x00000007c0000000)
  eden space 392704K, 69% used [0x0000000795580000,0x00000007a5e52fc0,0x00000007ad500000)
  from space 23040K, 4% used [0x00000007aeb80000,0x00000007aec6c020,0x00000007b0200000)
  to   space 23040K, 0% used [0x00000007ad500000,0x00000007ad500000,0x00000007aeb80000)
 ParOldGen       total 93696K, used 40584K [0x0000000740000000, 0x0000000745b80000, 0x0000000795580000)
  object space 93696K, 43% used [0x0000000740000000,0x00000007427a2258,0x0000000745b80000)
 Metaspace       used 32477K, capacity 33980K, committed 34048K, reserved 1079296K
  class space    used 4286K, capacity 4573K, committed 4608K, reserved 1048576K
GC Heap History (10 events):
Event: 3.620 GC heap before
{Heap before GC invocations=8 (full 1):
 PSYoungGen      total 140288K, used 2429K [0x0000000795580000, 0x00000007a6880000, 0x00000007c0000000)
  eden space 133120K, 0% used [0x0000000795580000,0x0000000795580000,0x000000079d780000)
  from space 7168K, 33% used [0x000000079d780000,0x000000079d9df5c8,0x000000079de80000)
  to   space 7680K, 0% used [0x00000007a6100000,0x00000007a6100000,0x00000007a6880000)
 ParOldGen       total 87552K, used 6976K [0x0000000740000000, 0x0000000745580000, 0x0000000795580000)
  object space 87552K, 7% used [0x0000000740000000,0x00000007406d02a8,0x0000000745580000)
 Metaspace       used 20562K, capacity 21150K, committed 21248K, reserved 1067008K
  class space    used 2858K, capacity 3000K, committed 3072K, reserved 1048576K
Event: 3.662 GC heap after
Heap after GC invocations=8 (full 1):
 PSYoungGen      total 140288K, used 0K [0x0000000795580000, 0x00000007a6880000, 0x00000007c0000000)
  eden space 133120K, 0% used [0x0000000795580000,0x0000000795580000,0x000000079d780000)
  from space 7168K, 0% used [0x000000079d780000,0x000000079d780000,0x000000079de80000)
  to   space 7680K, 0% used [0x00000007a6100000,0x00000007a6100000,0x00000007a6880000)
 ParOldGen       total 47616K, used 7790K [0x0000000740000000, 0x0000000742e80000, 0x0000000795580000)
  object space 47616K, 16% used [0x0000000740000000,0x000000074079bbb0,0x0000000742e80000)
 Metaspace       used 20562K, capacity 21150K, committed 21248K, reserved 1067008K
  class space    used 2858K, capacity 3000K, committed 3072K, reserved 1048576K
}
Event: 23.120 GC heap before
{Heap before GC invocations=9 (full 1):
 PSYoungGen      total 140288K, used 133120K [0x0000000795580000, 0x00000007a6880000, 0x00000007c0000000)
  eden space 133120K, 100% used [0x0000000795580000,0x000000079d780000,0x000000079d780000)
  from space 7168K, 0% used [0x000000079d780000,0x000000079d780000,0x000000079de80000)
  to   space 7680K, 0% used [0x00000007a6100000,0x00000007a6100000,0x00000007a6880000)
 ParOldGen       total 47616K, used 7790K [0x0000000740000000, 0x0000000742e80000, 0x0000000795580000)
  object space 47616K, 16% used [0x0000000740000000,0x000000074079bbb0,0x0000000742e80000)
 Metaspace       used 24817K, capacity 25774K, committed 25984K, reserved 1071104K
  class space    used 3384K, capacity 3608K, committed 3712K, reserved 1048576K
Event: 23.135 GC heap after
Heap after GC invocations=9 (full 1):
 PSYoungGen      total 263168K, used 7677K [0x0000000795580000, 0x00000007a6880000, 0x00000007c0000000)
  eden space 255488K, 0% used [0x0000000795580000,0x0000000795580000,0x00000007a4f00000)
  from space 7680K, 99% used [0x00000007a6100000,0x00000007a687f440,0x00000007a6880000)
  to   space 12288K, 0% used [0x00000007a5080000,0x00000007a5080000,0x00000007a5c80000)
 ParOldGen       total 47616K, used 16567K [0x0000000740000000, 0x0000000742e80000, 0x0000000795580000)
  object space 47616K, 34% used [0x0000000740000000,0x000000074102dd98,0x0000000742e80000)
 Metaspace       used 24817K, capacity 25774K, committed 25984K, reserved 1071104K
  class space    used 3384K, capacity 3608K, committed 3712K, reserved 1048576K
}
Event: 146.627 GC heap before
{Heap before GC invocations=10 (full 1):
 PSYoungGen      total 263168K, used 263165K [0x0000000795580000, 0x00000007a6880000, 0x00000007c0000000)
  eden space 255488K, 100% used [0x0000000795580000,0x00000007a4f00000,0x00000007a4f00000)
  from space 7680K, 99% used [0x00000007a6100000,0x00000007a687f440,0x00000007a6880000)
  to   space 12288K, 0% used [0x00000007a5080000,0x00000007a5080000,0x00000007a5c80000)
 ParOldGen       total 47616K, used 16567K [0x0000000740000000, 0x0000000742e80000, 0x0000000795580000)
  object space 47616K, 34% used [0x0000000740000000,0x000000074102dd98,0x0000000742e80000)
 Metaspace       used 29269K, capacity 30362K, committed 30592K, reserved 1075200K
  class space    used 3875K, capacity 4122K, committed 4224K, reserved 1048576K
Event: 146.773 GC heap after
Heap after GC invocations=10 (full 1):
 PSYoungGen      total 269312K, used 12267K [0x0000000795580000, 0x00000007b0200000, 0x00000007c0000000)
  eden space 257024K, 0% used [0x0000000795580000,0x0000000795580000,0x00000007a5080000)
  from space 12288K, 99% used [0x00000007a5080000,0x00000007a5c7ad10,0x00000007a5c80000)
  to   space 23040K, 0% used [0x00000007aeb80000,0x00000007aeb80000,0x00000007b0200000)
 ParOldGen       total 47616K, used 38886K [0x0000000740000000, 0x0000000742e80000, 0x0000000795580000)
  object space 47616K, 81% used [0x0000000740000000,0x00000007425f9b58,0x0000000742e80000)
 Metaspace       used 29269K, capacity 30362K, committed 30592K, reserved 1075200K
  class space    used 3875K, capacity 4122K, committed 4224K, reserved 1048576K
}
Event: 146.773 GC heap before
{Heap before GC invocations=11 (full 2):
 PSYoungGen      total 269312K, used 12267K [0x0000000795580000, 0x00000007b0200000, 0x00000007c0000000)
  eden space 257024K, 0% used [0x0000000795580000,0x0000000795580000,0x00000007a5080000)
  from space 12288K, 99% used [0x00000007a5080000,0x00000007a5c7ad10,0x00000007a5c80000)
  to   space 23040K, 0% used [0x00000007aeb80000,0x00000007aeb80000,0x00000007b0200000)
 ParOldGen       total 47616K, used 38886K [0x0000000740000000, 0x0000000742e80000, 0x0000000795580000)
  object space 47616K, 81% used [0x0000000740000000,0x00000007425f9b58,0x0000000742e80000)
 Metaspace       used 29269K, capacity 30362K, committed 30592K, reserved 1075200K
  class space    used 3875K, capacity 4122K, committed 4224K, reserved 1048576K
Event: 147.008 GC heap after
Heap after GC invocations=11 (full 2):
 PSYoungGen      total 269312K, used 0K [0x0000000795580000, 0x00000007b0200000, 0x00000007c0000000)
  eden space 257024K, 0% used [0x0000000795580000,0x0000000795580000,0x00000007a5080000)
  from space 12288K, 0% used [0x00000007a5080000,0x00000007a5080000,0x00000007a5c80000)
  to   space 23040K, 0% used [0x00000007aeb80000,0x00000007aeb80000,0x00000007b0200000)
 ParOldGen       total 93696K, used 40576K [0x0000000740000000, 0x0000000745b80000, 0x0000000795580000)
  object space 93696K, 43% used [0x0000000740000000,0x00000007427a0258,0x0000000745b80000)
 Metaspace       used 29269K, capacity 30362K, committed 30592K, reserved 1075200K
  class space    used 3875K, capacity 4122K, committed 4224K, reserved 1048576K
}
Event: 162.926 GC heap before
{Heap before GC invocations=12 (full 2):
 PSYoungGen      total 269312K, used 257024K [0x0000000795580000, 0x00000007b0200000, 0x00000007c0000000)
  eden space 257024K, 100% used [0x0000000795580000,0x00000007a5080000,0x00000007a5080000)
  from space 12288K, 0% used [0x00000007a5080000,0x00000007a5080000,0x00000007a5c80000)
  to   space 23040K, 0% used [0x00000007aeb80000,0x00000007aeb80000,0x00000007b0200000)
 ParOldGen       total 93696K, used 40576K [0x0000000740000000, 0x0000000745b80000, 0x0000000795580000)
  object space 93696K, 43% used [0x0000000740000000,0x00000007427a0258,0x0000000745b80000)
 Metaspace       used 30089K, capacity 31180K, committed 31360K, reserved 1077248K
  class space    used 3981K, capacity 4221K, committed 4224K, reserved 1048576K
Event: 162.933 GC heap after
Heap after GC invocations=12 (full 2):
 PSYoungGen      total 415744K, used 944K [0x0000000795580000, 0x00000007b0800000, 0x00000007c0000000)
  eden space 392704K, 0% used [0x0000000795580000,0x0000000795580000,0x00000007ad500000)
  from space 23040K, 4% used [0x00000007aeb80000,0x00000007aec6c020,0x00000007b0200000)
  to   space 23040K, 0% used [0x00000007ad500000,0x00000007ad500000,0x00000007aeb80000)
 ParOldGen       total 93696K, used 40584K [0x0000000740000000, 0x0000000745b80000, 0x0000000795580000)
  object space 93696K, 43% used [0x0000000740000000,0x00000007427a2258,0x0000000745b80000)
 Metaspace       used 30089K, capacity 31180K, committed 31360K, reserved 1077248K
  class space    used 3981K, capacity 4221K, committed 4224K, reserved 1048576K
}

