# JRE version: Java(TM) SE Runtime Environment (8.0_111-b14) (build 1.8.0_111-b14)
# Java VM: Java HotSpot(TM) 64-Bit Server VM (25.111-b14 mixed mode bsd-amd64 compressed oops)
Heap:
 PSYoungGen      total 137728K, used 41300K [0x0000000795580000, 0x00000007a7280000, 0x00000007c0000000)
  eden space 133120K, 31% used [0x0000000795580000,0x0000000797dd51f8,0x000000079d780000)
  from space 4608K, 0% used [0x000000079d780000,0x000000079d780000,0x000000079dc00000)
  to   space 12800K, 0% used [0x00000007a6600000,0x00000007a6600000,0x00000007a7280000)
 ParOldGen       total 58880K, used 16586K [0x0000000740000000, 0x0000000743980000, 0x0000000795580000)
  object space 58880K, 28% used [0x0000000740000000,0x0000000741032940,0x0000000743980000)
 Metaspace       used 21715K, capacity 22702K, committed 22784K, reserved 1069056K
  class space    used 3070K, capacity 3276K, committed 3328K, reserved 1048576K
GC Heap History (10 events):
Event: 1.604 GC heap before
{Heap before GC invocations=4 (full 0):
 PSYoungGen      total 38400K, used 37112K [0x0000000795580000, 0x000000079a080000, 0x00000007c0000000)
  eden space 33280K, 99% used [0x0000000795580000,0x00000007975eb800,0x0000000797600000)
  from space 5120K, 76% used [0x0000000797600000,0x00000007979d2920,0x0000000797b00000)
  to   space 5120K, 0% used [0x0000000799b80000,0x0000000799b80000,0x000000079a080000)
 ParOldGen       total 87552K, used 32K [0x0000000740000000, 0x0000000745580000, 0x0000000795580000)
  object space 87552K, 0% used [0x0000000740000000,0x0000000740008000,0x0000000745580000)
 Metaspace       used 14279K, capacity 14768K, committed 14976K, reserved 1062912K
  class space    used 1974K, capacity 2111K, committed 2176K, reserved 1048576K
Event: 1.617 GC heap after
Heap after GC invocations=4 (full 0):
 PSYoungGen      total 71680K, used 3935K [0x0000000795580000, 0x000000079a080000, 0x00000007c0000000)
  eden space 66560K, 0% used [0x0000000795580000,0x0000000795580000,0x0000000799680000)
  from space 5120K, 76% used [0x0000000799b80000,0x0000000799f57e78,0x000000079a080000)
  to   space 5120K, 0% used [0x0000000799680000,0x0000000799680000,0x0000000799b80000)
 ParOldGen       total 87552K, used 32K [0x0000000740000000, 0x0000000745580000, 0x0000000795580000)
  object space 87552K, 0% used [0x0000000740000000,0x0000000740008000,0x0000000745580000)
 Metaspace       used 14279K, capacity 14768K, committed 14976K, reserved 1062912K
  class space    used 1974K, capacity 2111K, committed 2176K, reserved 1048576K
}
Event: 1.652 GC heap before
{Heap before GC invocations=5 (full 0):
 PSYoungGen      total 71680K, used 70365K [0x0000000795580000, 0x000000079a080000, 0x00000007c0000000)
  eden space 66560K, 99% used [0x0000000795580000,0x000000079965f7c0,0x0000000799680000)
  from space 5120K, 76% used [0x0000000799b80000,0x0000000799f57e78,0x000000079a080000)
  to   space 5120K, 0% used [0x0000000799680000,0x0000000799680000,0x0000000799b80000)
 ParOldGen       total 87552K, used 32K [0x0000000740000000, 0x0000000745580000, 0x0000000795580000)
  object space 87552K, 0% used [0x0000000740000000,0x0000000740008000,0x0000000745580000)
 Metaspace       used 14279K, capacity 14768K, committed 14976K, reserved 1062912K
  class space    used 1974K, capacity 2111K, committed 2176K, reserved 1048576K
Event: 1.659 GC heap after
Heap after GC invocations=5 (full 0):
 PSYoungGen      total 71680K, used 3987K [0x0000000795580000, 0x000000079e080000, 0x00000007c0000000)
  eden space 66560K, 0% used [0x0000000795580000,0x0000000795580000,0x0000000799680000)
  from space 5120K, 77% used [0x0000000799680000,0x0000000799a64d38,0x0000000799b80000)
  to   space 4608K, 0% used [0x000000079dc00000,0x000000079dc00000,0x000000079e080000)
 ParOldGen       total 87552K, used 32K [0x0000000740000000, 0x0000000745580000, 0x0000000795580000)
  object space 87552K, 0% used [0x0000000740000000,0x0000000740008000,0x0000000745580000)
 Metaspace       used 14279K, capacity 14768K, committed 14976K, reserved 1062912K
  class space    used 1974K, capacity 2111K, committed 2176K, reserved 1048576K
}
Event: 1.681 GC heap before
{Heap before GC invocations=6 (full 0):
 PSYoungGen      total 71680K, used 70479K [0x0000000795580000, 0x000000079e080000, 0x00000007c0000000)
  eden space 66560K, 99% used [0x0000000795580000,0x000000079966f2a0,0x0000000799680000)
  from space 5120K, 77% used [0x0000000799680000,0x0000000799a64d38,0x0000000799b80000)
  to   space 4608K, 0% used [0x000000079dc00000,0x000000079dc00000,0x000000079e080000)
 ParOldGen       total 87552K, used 32K [0x0000000740000000, 0x0000000745580000, 0x0000000795580000)
  object space 87552K, 0% used [0x0000000740000000,0x0000000740008000,0x0000000745580000)
 Metaspace       used 14279K, capacity 14768K, committed 14976K, reserved 1062912K
  class space    used 1974K, capacity 2111K, committed 2176K, reserved 1048576K
Event: 1.687 GC heap after
Heap after GC invocations=6 (full 0):
 PSYoungGen      total 137728K, used 3981K [0x0000000795580000, 0x000000079e080000, 0x00000007c0000000)
  eden space 133120K, 0% used [0x0000000795580000,0x0000000795580000,0x000000079d780000)
  from space 4608K, 86% used [0x000000079dc00000,0x000000079dfe35a0,0x000000079e080000)
  to   space 4608K, 0% used [0x000000079d780000,0x000000079d780000,0x000000079dc00000)
 ParOldGen       total 87552K, used 40K [0x0000000740000000, 0x0000000745580000, 0x0000000795580000)
  object space 87552K, 0% used [0x0000000740000000,0x000000074000a000,0x0000000745580000)
 Metaspace       used 14279K, capacity 14768K, committed 14976K, reserved 1062912K
  class space    used 1974K, capacity 2111K, committed 2176K, reserved 1048576K
}
Event: 5.496 GC heap before
{Heap before GC invocations=7 (full 0):
 PSYoungGen      total 137728K, used 119716K [0x0000000795580000, 0x000000079e080000, 0x00000007c0000000)
  eden space 133120K, 86% used [0x0000000795580000,0x000000079c685a98,0x000000079d780000)
  from space 4608K, 86% used [0x000000079dc00000,0x000000079dfe35a0,0x000000079e080000)
  to   space 4608K, 0% used [0x000000079d780000,0x000000079d780000,0x000000079dc00000)
 ParOldGen       total 87552K, used 40K [0x0000000740000000, 0x0000000745580000, 0x0000000795580000)
  object space 87552K, 0% used [0x0000000740000000,0x000000074000a000,0x0000000745580000)
 Metaspace       used 20341K, capacity 21266K, committed 21296K, reserved 1067008K
  class space    used 2949K, capacity 3180K, committed 3200K, reserved 1048576K
Event: 5.514 GC heap after
Heap after GC invocations=7 (full 0):
 PSYoungGen      total 137728K, used 4583K [0x0000000795580000, 0x00000007a7280000, 0x00000007c0000000)
  eden space 133120K, 0% used [0x0000000795580000,0x0000000795580000,0x000000079d780000)
  from space 4608K, 99% used [0x000000079d780000,0x000000079dbf9c40,0x000000079dc00000)
  to   space 12800K, 0% used [0x00000007a6600000,0x00000007a6600000,0x00000007a7280000)
 ParOldGen       total 87552K, used 15602K [0x0000000740000000, 0x0000000745580000, 0x0000000795580000)
  object space 87552K, 17% used [0x0000000740000000,0x0000000740f3c8f8,0x0000000745580000)
 Metaspace       used 20341K, capacity 21266K, committed 21296K, reserved 1067008K
  class space    used 2949K, capacity 3180K, committed 3200K, reserved 1048576K
}
Event: 5.514 GC heap before
{Heap before GC invocations=8 (full 1):
 PSYoungGen      total 137728K, used 4583K [0x0000000795580000, 0x00000007a7280000, 0x00000007c0000000)
  eden space 133120K, 0% used [0x0000000795580000,0x0000000795580000,0x000000079d780000)
  from space 4608K, 99% used [0x000000079d780000,0x000000079dbf9c40,0x000000079dc00000)
  to   space 12800K, 0% used [0x00000007a6600000,0x00000007a6600000,0x00000007a7280000)
 ParOldGen       total 87552K, used 15602K [0x0000000740000000, 0x0000000745580000, 0x0000000795580000)
  object space 87552K, 17% used [0x0000000740000000,0x0000000740f3c8f8,0x0000000745580000)
 Metaspace       used 20341K, capacity 21266K, committed 21296K, reserved 1067008K
  class space    used 2949K, capacity 3180K, committed 3200K, reserved 1048576K
Event: 5.541 GC heap after
Heap after GC invocations=8 (full 1):
 PSYoungGen      total 137728K, used 0K [0x0000000795580000, 0x00000007a7280000, 0x00000007c0000000)
  eden space 133120K, 0% used [0x0000000795580000,0x0000000795580000,0x000000079d780000)
  from space 4608K, 0% used [0x000000079d780000,0x000000079d780000,0x000000079dc00000)
  to   space 12800K, 0% used [0x00000007a6600000,0x00000007a6600000,0x00000007a7280000)
 ParOldGen       total 58880K, used 16586K [0x0000000740000000, 0x0000000743980000, 0x0000000795580000)
  object space 58880K, 28% used [0x0000000740000000,0x0000000741032940,0x0000000743980000)
 Metaspace       used 20341K, capacity 21266K, committed 21296K, reserved 1067008K
  class space    used 2949K, capacity 3180K, committed 3200K, reserved 1048576K
}

