# JRE version: Java(TM) SE Runtime Environment (8.0_111-b14) (build 1.8.0_111-b14)
# Java VM: Java HotSpot(TM) 64-Bit Server VM (25.111-b14 mixed mode bsd-amd64 compressed oops)
Heap:
 PSYoungGen      total 137728K, used 39514K [0x0000000795580000, 0x00000007a7280000, 0x00000007c0000000)
  eden space 133120K, 29% used [0x0000000795580000,0x0000000797c169e8,0x000000079d780000)
  from space 4608K, 0% used [0x000000079d780000,0x000000079d780000,0x000000079dc00000)
  to   space 12800K, 0% used [0x00000007a6600000,0x00000007a6600000,0x00000007a7280000)
 ParOldGen       total 58880K, used 16582K [0x0000000740000000, 0x0000000743980000, 0x0000000795580000)
  object space 58880K, 28% used [0x0000000740000000,0x00000007410318b8,0x0000000743980000)
 Metaspace       used 21766K, capacity 22766K, committed 22784K, reserved 1069056K
  class space    used 3078K, capacity 3314K, committed 3328K, reserved 1048576K
GC Heap History (10 events):
Event: 1.684 GC heap before
{Heap before GC invocations=4 (full 0):
 PSYoungGen      total 38400K, used 37206K [0x0000000795580000, 0x000000079a080000, 0x00000007c0000000)
  eden space 33280K, 99% used [0x0000000795580000,0x00000007975fef90,0x0000000797600000)
  from space 5120K, 76% used [0x0000000797600000,0x00000007979d6bf8,0x0000000797b00000)
  to   space 5120K, 0% used [0x0000000799b80000,0x0000000799b80000,0x000000079a080000)
 ParOldGen       total 87552K, used 24K [0x0000000740000000, 0x0000000745580000, 0x0000000795580000)
  object space 87552K, 0% used [0x0000000740000000,0x0000000740006000,0x0000000745580000)
 Metaspace       used 14301K, capacity 14780K, committed 14976K, reserved 1062912K
  class space    used 1975K, capacity 2111K, committed 2176K, reserved 1048576K
Event: 1.701 GC heap after
Heap after GC invocations=4 (full 0):
 PSYoungGen      total 71680K, used 3985K [0x0000000795580000, 0x000000079a080000, 0x00000007c0000000)
  eden space 66560K, 0% used [0x0000000795580000,0x0000000795580000,0x0000000799680000)
  from space 5120K, 77% used [0x0000000799b80000,0x0000000799f644d0,0x000000079a080000)
  to   space 5120K, 0% used [0x0000000799680000,0x0000000799680000,0x0000000799b80000)
 ParOldGen       total 87552K, used 32K [0x0000000740000000, 0x0000000745580000, 0x0000000795580000)
  object space 87552K, 0% used [0x0000000740000000,0x0000000740008000,0x0000000745580000)
 Metaspace       used 14301K, capacity 14780K, committed 14976K, reserved 1062912K
  class space    used 1975K, capacity 2111K, committed 2176K, reserved 1048576K
}
Event: 1.788 GC heap before
{Heap before GC invocations=5 (full 0):
 PSYoungGen      total 71680K, used 70536K [0x0000000795580000, 0x000000079a080000, 0x00000007c0000000)
  eden space 66560K, 99% used [0x0000000795580000,0x000000079967dd50,0x0000000799680000)
  from space 5120K, 77% used [0x0000000799b80000,0x0000000799f644d0,0x000000079a080000)
  to   space 5120K, 0% used [0x0000000799680000,0x0000000799680000,0x0000000799b80000)
 ParOldGen       total 87552K, used 32K [0x0000000740000000, 0x0000000745580000, 0x0000000795580000)
  object space 87552K, 0% used [0x0000000740000000,0x0000000740008000,0x0000000745580000)
 Metaspace       used 14301K, capacity 14780K, committed 14976K, reserved 1062912K
  class space    used 1975K, capacity 2111K, committed 2176K, reserved 1048576K
Event: 1.794 GC heap after
Heap after GC invocations=5 (full 0):
 PSYoungGen      total 71680K, used 4018K [0x0000000795580000, 0x000000079e080000, 0x00000007c0000000)
  eden space 66560K, 0% used [0x0000000795580000,0x0000000795580000,0x0000000799680000)
  from space 5120K, 78% used [0x0000000799680000,0x0000000799a6c9e0,0x0000000799b80000)
  to   space 4608K, 0% used [0x000000079dc00000,0x000000079dc00000,0x000000079e080000)
 ParOldGen       total 87552K, used 32K [0x0000000740000000, 0x0000000745580000, 0x0000000795580000)
  object space 87552K, 0% used [0x0000000740000000,0x0000000740008000,0x0000000745580000)
 Metaspace       used 14301K, capacity 14780K, committed 14976K, reserved 1062912K
  class space    used 1975K, capacity 2111K, committed 2176K, reserved 1048576K
}
Event: 1.816 GC heap before
{Heap before GC invocations=6 (full 0):
 PSYoungGen      total 71680K, used 70510K [0x0000000795580000, 0x000000079e080000, 0x00000007c0000000)
  eden space 66560K, 99% used [0x0000000795580000,0x000000079966f1b8,0x0000000799680000)
  from space 5120K, 78% used [0x0000000799680000,0x0000000799a6c9e0,0x0000000799b80000)
  to   space 4608K, 0% used [0x000000079dc00000,0x000000079dc00000,0x000000079e080000)
 ParOldGen       total 87552K, used 32K [0x0000000740000000, 0x0000000745580000, 0x0000000795580000)
  object space 87552K, 0% used [0x0000000740000000,0x0000000740008000,0x0000000745580000)
 Metaspace       used 14301K, capacity 14780K, committed 14976K, reserved 1062912K
  class space    used 1975K, capacity 2111K, committed 2176K, reserved 1048576K
Event: 1.822 GC heap after
Heap after GC invocations=6 (full 0):
 PSYoungGen      total 137728K, used 4078K [0x0000000795580000, 0x000000079e080000, 0x00000007c0000000)
  eden space 133120K, 0% used [0x0000000795580000,0x0000000795580000,0x000000079d780000)
  from space 4608K, 88% used [0x000000079dc00000,0x000000079dffb8f8,0x000000079e080000)
  to   space 4608K, 0% used [0x000000079d780000,0x000000079d780000,0x000000079dc00000)
 ParOldGen       total 87552K, used 32K [0x0000000740000000, 0x0000000745580000, 0x0000000795580000)
  object space 87552K, 0% used [0x0000000740000000,0x0000000740008000,0x0000000745580000)
 Metaspace       used 14301K, capacity 14780K, committed 14976K, reserved 1062912K
  class space    used 1975K, capacity 2111K, committed 2176K, reserved 1048576K
}
Event: 5.316 GC heap before
{Heap before GC invocations=7 (full 0):
 PSYoungGen      total 137728K, used 119489K [0x0000000795580000, 0x000000079e080000, 0x00000007c0000000)
  eden space 133120K, 86% used [0x0000000795580000,0x000000079c634b40,0x000000079d780000)
  from space 4608K, 88% used [0x000000079dc00000,0x000000079dffb8f8,0x000000079e080000)
  to   space 4608K, 0% used [0x000000079d780000,0x000000079d780000,0x000000079dc00000)
 ParOldGen       total 87552K, used 32K [0x0000000740000000, 0x0000000745580000, 0x0000000795580000)
  object space 87552K, 0% used [0x0000000740000000,0x0000000740008000,0x0000000745580000)
 Metaspace       used 20347K, capacity 21214K, committed 21296K, reserved 1067008K
  class space    used 2951K, capacity 3180K, committed 3200K, reserved 1048576K
Event: 5.333 GC heap after
Heap after GC invocations=7 (full 0):
 PSYoungGen      total 137728K, used 4585K [0x0000000795580000, 0x00000007a7280000, 0x00000007c0000000)
  eden space 133120K, 0% used [0x0000000795580000,0x0000000795580000,0x000000079d780000)
  from space 4608K, 99% used [0x000000079d780000,0x000000079dbfa680,0x000000079dc00000)
  to   space 12800K, 0% used [0x00000007a6600000,0x00000007a6600000,0x00000007a7280000)
 ParOldGen       total 87552K, used 15580K [0x0000000740000000, 0x0000000745580000, 0x0000000795580000)
  object space 87552K, 17% used [0x0000000740000000,0x0000000740f37170,0x0000000745580000)
 Metaspace       used 20347K, capacity 21214K, committed 21296K, reserved 1067008K
  class space    used 2951K, capacity 3180K, committed 3200K, reserved 1048576K
}
Event: 5.333 GC heap before
{Heap before GC invocations=8 (full 1):
 PSYoungGen      total 137728K, used 4585K [0x0000000795580000, 0x00000007a7280000, 0x00000007c0000000)
  eden space 133120K, 0% used [0x0000000795580000,0x0000000795580000,0x000000079d780000)
  from space 4608K, 99% used [0x000000079d780000,0x000000079dbfa680,0x000000079dc00000)
  to   space 12800K, 0% used [0x00000007a6600000,0x00000007a6600000,0x00000007a7280000)
 ParOldGen       total 87552K, used 15580K [0x0000000740000000, 0x0000000745580000, 0x0000000795580000)
  object space 87552K, 17% used [0x0000000740000000,0x0000000740f37170,0x0000000745580000)
 Metaspace       used 20347K, capacity 21214K, committed 21296K, reserved 1067008K
  class space    used 2951K, capacity 3180K, committed 3200K, reserved 1048576K
Event: 5.359 GC heap after
Heap after GC invocations=8 (full 1):
 PSYoungGen      total 137728K, used 0K [0x0000000795580000, 0x00000007a7280000, 0x00000007c0000000)
  eden space 133120K, 0% used [0x0000000795580000,0x0000000795580000,0x000000079d780000)
  from space 4608K, 0% used [0x000000079d780000,0x000000079d780000,0x000000079dc00000)
  to   space 12800K, 0% used [0x00000007a6600000,0x00000007a6600000,0x00000007a7280000)
 ParOldGen       total 58880K, used 16582K [0x0000000740000000, 0x0000000743980000, 0x0000000795580000)
  object space 58880K, 28% used [0x0000000740000000,0x00000007410318b8,0x0000000743980000)
 Metaspace       used 20347K, capacity 21214K, committed 21296K, reserved 1067008K
  class space    used 2951K, capacity 3180K, committed 3200K, reserved 1048576K
}

