# JRE version: Java(TM) SE Runtime Environment (8.0_111-b14) (build 1.8.0_111-b14)
# Java VM: Java HotSpot(TM) 64-Bit Server VM (25.111-b14 mixed mode bsd-amd64 compressed oops)
Heap:
 PSYoungGen      total 137728K, used 39031K [0x0000000795580000, 0x00000007a7280000, 0x00000007c0000000)
  eden space 133120K, 29% used [0x0000000795580000,0x0000000797b9dc70,0x000000079d780000)
  from space 4608K, 0% used [0x000000079d780000,0x000000079d780000,0x000000079dc00000)
  to   space 12800K, 0% used [0x00000007a6600000,0x00000007a6600000,0x00000007a7280000)
 ParOldGen       total 58880K, used 16577K [0x0000000740000000, 0x0000000743980000, 0x0000000795580000)
  object space 58880K, 28% used [0x0000000740000000,0x0000000741030458,0x0000000743980000)
 Metaspace       used 21703K, capacity 22706K, committed 22784K, reserved 1069056K
  class space    used 3075K, capacity 3314K, committed 3328K, reserved 1048576K
GC Heap History (10 events):
Event: 2.438 GC heap before
{Heap before GC invocations=4 (full 0):
 PSYoungGen      total 38400K, used 37126K [0x0000000795580000, 0x000000079a080000, 0x00000007c0000000)
  eden space 33280K, 99% used [0x0000000795580000,0x00000007975e6fd0,0x0000000797600000)
  from space 5120K, 77% used [0x0000000797600000,0x00000007979da8d8,0x0000000797b00000)
  to   space 5120K, 0% used [0x0000000799b80000,0x0000000799b80000,0x000000079a080000)
 ParOldGen       total 87552K, used 24K [0x0000000740000000, 0x0000000745580000, 0x0000000795580000)
  object space 87552K, 0% used [0x0000000740000000,0x0000000740006000,0x0000000745580000)
 Metaspace       used 14237K, capacity 14688K, committed 14976K, reserved 1062912K
  class space    used 1970K, capacity 2079K, committed 2176K, reserved 1048576K
Event: 2.453 GC heap after
Heap after GC invocations=4 (full 0):
 PSYoungGen      total 71680K, used 4010K [0x0000000795580000, 0x000000079a080000, 0x00000007c0000000)
  eden space 66560K, 0% used [0x0000000795580000,0x0000000795580000,0x0000000799680000)
  from space 5120K, 78% used [0x0000000799b80000,0x0000000799f6abc8,0x000000079a080000)
  to   space 5120K, 0% used [0x0000000799680000,0x0000000799680000,0x0000000799b80000)
 ParOldGen       total 87552K, used 32K [0x0000000740000000, 0x0000000745580000, 0x0000000795580000)
  object space 87552K, 0% used [0x0000000740000000,0x0000000740008000,0x0000000745580000)
 Metaspace       used 14237K, capacity 14688K, committed 14976K, reserved 1062912K
  class space    used 1970K, capacity 2079K, committed 2176K, reserved 1048576K
}
Event: 2.504 GC heap before
{Heap before GC invocations=5 (full 0):
 PSYoungGen      total 71680K, used 70566K [0x0000000795580000, 0x000000079a080000, 0x00000007c0000000)
  eden space 66560K, 99% used [0x0000000795580000,0x000000079967ed20,0x0000000799680000)
  from space 5120K, 78% used [0x0000000799b80000,0x0000000799f6abc8,0x000000079a080000)
  to   space 5120K, 0% used [0x0000000799680000,0x0000000799680000,0x0000000799b80000)
 ParOldGen       total 87552K, used 32K [0x0000000740000000, 0x0000000745580000, 0x0000000795580000)
  object space 87552K, 0% used [0x0000000740000000,0x0000000740008000,0x0000000745580000)
 Metaspace       used 14237K, capacity 14688K, committed 14976K, reserved 1062912K
  class space    used 1970K, capacity 2079K, committed 2176K, reserved 1048576K
Event: 2.509 GC heap after
Heap after GC invocations=5 (full 0):
 PSYoungGen      total 71680K, used 4019K [0x0000000795580000, 0x000000079e080000, 0x00000007c0000000)
  eden space 66560K, 0% used [0x0000000795580000,0x0000000795580000,0x0000000799680000)
  from space 5120K, 78% used [0x0000000799680000,0x0000000799a6cd38,0x0000000799b80000)
  to   space 4608K, 0% used [0x000000079dc00000,0x000000079dc00000,0x000000079e080000)
 ParOldGen       total 87552K, used 32K [0x0000000740000000, 0x0000000745580000, 0x0000000795580000)
  object space 87552K, 0% used [0x0000000740000000,0x0000000740008000,0x0000000745580000)
 Metaspace       used 14237K, capacity 14688K, committed 14976K, reserved 1062912K
  class space    used 1970K, capacity 2079K, committed 2176K, reserved 1048576K
}
Event: 2.534 GC heap before
{Heap before GC invocations=6 (full 0):
 PSYoungGen      total 71680K, used 70514K [0x0000000795580000, 0x000000079e080000, 0x00000007c0000000)
  eden space 66560K, 99% used [0x0000000795580000,0x000000079966fbe8,0x0000000799680000)
  from space 5120K, 78% used [0x0000000799680000,0x0000000799a6cd38,0x0000000799b80000)
  to   space 4608K, 0% used [0x000000079dc00000,0x000000079dc00000,0x000000079e080000)
 ParOldGen       total 87552K, used 32K [0x0000000740000000, 0x0000000745580000, 0x0000000795580000)
  object space 87552K, 0% used [0x0000000740000000,0x0000000740008000,0x0000000745580000)
 Metaspace       used 14237K, capacity 14688K, committed 14976K, reserved 1062912K
  class space    used 1970K, capacity 2079K, committed 2176K, reserved 1048576K
Event: 2.550 GC heap after
Heap after GC invocations=6 (full 0):
 PSYoungGen      total 137728K, used 4044K [0x0000000795580000, 0x000000079e080000, 0x00000007c0000000)
  eden space 133120K, 0% used [0x0000000795580000,0x0000000795580000,0x000000079d780000)
  from space 4608K, 87% used [0x000000079dc00000,0x000000079dff3230,0x000000079e080000)
  to   space 4608K, 0% used [0x000000079d780000,0x000000079d780000,0x000000079dc00000)
 ParOldGen       total 87552K, used 32K [0x0000000740000000, 0x0000000745580000, 0x0000000795580000)
  object space 87552K, 0% used [0x0000000740000000,0x0000000740008000,0x0000000745580000)
 Metaspace       used 14237K, capacity 14688K, committed 14976K, reserved 1062912K
  class space    used 1970K, capacity 2079K, committed 2176K, reserved 1048576K
}
Event: 6.019 GC heap before
{Heap before GC invocations=7 (full 0):
 PSYoungGen      total 137728K, used 120191K [0x0000000795580000, 0x000000079e080000, 0x00000007c0000000)
  eden space 133120K, 87% used [0x0000000795580000,0x000000079c6ecae0,0x000000079d780000)
  from space 4608K, 87% used [0x000000079dc00000,0x000000079dff3230,0x000000079e080000)
  to   space 4608K, 0% used [0x000000079d780000,0x000000079d780000,0x000000079dc00000)
 ParOldGen       total 87552K, used 32K [0x0000000740000000, 0x0000000745580000, 0x0000000795580000)
  object space 87552K, 0% used [0x0000000740000000,0x0000000740008000,0x0000000745580000)
 Metaspace       used 20293K, capacity 21212K, committed 21296K, reserved 1067008K
  class space    used 2947K, capacity 3179K, committed 3200K, reserved 1048576K
Event: 6.035 GC heap after
Heap after GC invocations=7 (full 0):
 PSYoungGen      total 137728K, used 4591K [0x0000000795580000, 0x00000007a7280000, 0x00000007c0000000)
  eden space 133120K, 0% used [0x0000000795580000,0x0000000795580000,0x000000079d780000)
  from space 4608K, 99% used [0x000000079d780000,0x000000079dbfbf28,0x000000079dc00000)
  to   space 12800K, 0% used [0x00000007a6600000,0x00000007a6600000,0x00000007a7280000)
 ParOldGen       total 87552K, used 15572K [0x0000000740000000, 0x0000000745580000, 0x0000000795580000)
  object space 87552K, 17% used [0x0000000740000000,0x0000000740f35070,0x0000000745580000)
 Metaspace       used 20293K, capacity 21212K, committed 21296K, reserved 1067008K
  class space    used 2947K, capacity 3179K, committed 3200K, reserved 1048576K
}
Event: 6.035 GC heap before
{Heap before GC invocations=8 (full 1):
 PSYoungGen      total 137728K, used 4591K [0x0000000795580000, 0x00000007a7280000, 0x00000007c0000000)
  eden space 133120K, 0% used [0x0000000795580000,0x0000000795580000,0x000000079d780000)
  from space 4608K, 99% used [0x000000079d780000,0x000000079dbfbf28,0x000000079dc00000)
  to   space 12800K, 0% used [0x00000007a6600000,0x00000007a6600000,0x00000007a7280000)
 ParOldGen       total 87552K, used 15572K [0x0000000740000000, 0x0000000745580000, 0x0000000795580000)
  object space 87552K, 17% used [0x0000000740000000,0x0000000740f35070,0x0000000745580000)
 Metaspace       used 20293K, capacity 21212K, committed 21296K, reserved 1067008K
  class space    used 2947K, capacity 3179K, committed 3200K, reserved 1048576K
Event: 6.060 GC heap after
Heap after GC invocations=8 (full 1):
 PSYoungGen      total 137728K, used 0K [0x0000000795580000, 0x00000007a7280000, 0x00000007c0000000)
  eden space 133120K, 0% used [0x0000000795580000,0x0000000795580000,0x000000079d780000)
  from space 4608K, 0% used [0x000000079d780000,0x000000079d780000,0x000000079dc00000)
  to   space 12800K, 0% used [0x00000007a6600000,0x00000007a6600000,0x00000007a7280000)
 ParOldGen       total 58880K, used 16577K [0x0000000740000000, 0x0000000743980000, 0x0000000795580000)
  object space 58880K, 28% used [0x0000000740000000,0x0000000741030458,0x0000000743980000)
 Metaspace       used 20293K, capacity 21212K, committed 21296K, reserved 1067008K
  class space    used 2947K, capacity 3179K, committed 3200K, reserved 1048576K
}

