# JRE version: Java(TM) SE Runtime Environment (8.0_111-b14) (build 1.8.0_111-b14)
# Java VM: Java HotSpot(TM) 64-Bit Server VM (25.111-b14 mixed mode bsd-amd64 compressed oops)
Heap:
 PSYoungGen      total 265216K, used 142031K [0x0000000795580000, 0x00000007a6680000, 0x00000007c0000000)
  eden space 258560K, 52% used [0x0000000795580000,0x000000079d9bb348,0x00000007a5200000)
  from space 6656K, 99% used [0x00000007a6000000,0x00000007a6678c20,0x00000007a6680000)
  to   space 9728K, 0% used [0x00000007a5380000,0x00000007a5380000,0x00000007a5d00000)
 ParOldGen       total 46592K, used 13134K [0x0000000740000000, 0x0000000742d80000, 0x0000000795580000)
  object space 46592K, 28% used [0x0000000740000000,0x0000000740cd3bb8,0x0000000742d80000)
 Metaspace       used 28323K, capacity 29378K, committed 29696K, reserved 1075200K
  class space    used 3826K, capacity 4036K, committed 4096K, reserved 1048576K
GC Heap History (10 events):
Event: 7.496 GC heap before
{Heap before GC invocations=5 (full 0):
 PSYoungGen      total 71680K, used 71671K [0x0000000795580000, 0x000000079a080000, 0x00000007c0000000)
  eden space 66560K, 99% used [0x0000000795580000,0x000000079967f6d8,0x0000000799680000)
  from space 5120K, 99% used [0x0000000799b80000,0x000000079a07e580,0x000000079a080000)
  to   space 5120K, 0% used [0x0000000799680000,0x0000000799680000,0x0000000799b80000)
 ParOldGen       total 87552K, used 1560K [0x0000000740000000, 0x0000000745580000, 0x0000000795580000)
  object space 87552K, 1% used [0x0000000740000000,0x0000000740186138,0x0000000745580000)
 Metaspace       used 19251K, capacity 19748K, committed 19968K, reserved 1067008K
  class space    used 2603K, capacity 2757K, committed 2816K, reserved 1048576K
Event: 7.503 GC heap after
Heap after GC invocations=5 (full 0):
 PSYoungGen      total 71680K, used 5102K [0x0000000795580000, 0x000000079e380000, 0x00000007c0000000)
  eden space 66560K, 0% used [0x0000000795580000,0x0000000795580000,0x0000000799680000)
  from space 5120K, 99% used [0x0000000799680000,0x0000000799b7b938,0x0000000799b80000)
  to   space 6144K, 0% used [0x000000079dd80000,0x000000079dd80000,0x000000079e380000)
 ParOldGen       total 87552K, used 1616K [0x0000000740000000, 0x0000000745580000, 0x0000000795580000)
  object space 87552K, 1% used [0x0000000740000000,0x0000000740194138,0x0000000745580000)
 Metaspace       used 19251K, capacity 19748K, committed 19968K, reserved 1067008K
  class space    used 2603K, capacity 2757K, committed 2816K, reserved 1048576K
}
Event: 7.523 GC heap before
{Heap before GC invocations=6 (full 0):
 PSYoungGen      total 71680K, used 71596K [0x0000000795580000, 0x000000079e380000, 0x00000007c0000000)
  eden space 66560K, 99% used [0x0000000795580000,0x000000079966f878,0x0000000799680000)
  from space 5120K, 99% used [0x0000000799680000,0x0000000799b7b938,0x0000000799b80000)
  to   space 6144K, 0% used [0x000000079dd80000,0x000000079dd80000,0x000000079e380000)
 ParOldGen       total 87552K, used 1616K [0x0000000740000000, 0x0000000745580000, 0x0000000795580000)
  object space 87552K, 1% used [0x0000000740000000,0x0000000740194138,0x0000000745580000)
 Metaspace       used 19251K, capacity 19748K, committed 19968K, reserved 1067008K
  class space    used 2603K, capacity 2757K, committed 2816K, reserved 1048576K
Event: 7.530 GC heap after
Heap after GC invocations=6 (full 0):
 PSYoungGen      total 139264K, used 5227K [0x0000000795580000, 0x000000079e380000, 0x00000007c0000000)
  eden space 133120K, 0% used [0x0000000795580000,0x0000000795580000,0x000000079d780000)
  from space 6144K, 85% used [0x000000079dd80000,0x000000079e29ae18,0x000000079e380000)
  to   space 6144K, 0% used [0x000000079d780000,0x000000079d780000,0x000000079dd80000)
 ParOldGen       total 87552K, used 1616K [0x0000000740000000, 0x0000000745580000, 0x0000000795580000)
  object space 87552K, 1% used [0x0000000740000000,0x0000000740194138,0x0000000745580000)
 Metaspace       used 19251K, capacity 19748K, committed 19968K, reserved 1067008K
  class space    used 2603K, capacity 2757K, committed 2816K, reserved 1048576K
}
Event: 7.878 GC heap before
{Heap before GC invocations=7 (full 0):
 PSYoungGen      total 139264K, used 65171K [0x0000000795580000, 0x000000079e380000, 0x00000007c0000000)
  eden space 133120K, 45% used [0x0000000795580000,0x000000079900a188,0x000000079d780000)
  from space 6144K, 85% used [0x000000079dd80000,0x000000079e29ae18,0x000000079e380000)
  to   space 6144K, 0% used [0x000000079d780000,0x000000079d780000,0x000000079dd80000)
 ParOldGen       total 87552K, used 1616K [0x0000000740000000, 0x0000000745580000, 0x0000000795580000)
  object space 87552K, 1% used [0x0000000740000000,0x0000000740194138,0x0000000745580000)
 Metaspace       used 20617K, capacity 21064K, committed 21248K, reserved 1067008K
  class space    used 2810K, capacity 2959K, committed 3072K, reserved 1048576K
Event: 7.887 GC heap after
Heap after GC invocations=7 (full 0):
 PSYoungGen      total 139264K, used 2672K [0x0000000795580000, 0x00000007a6680000, 0x00000007c0000000)
  eden space 133120K, 0% used [0x0000000795580000,0x0000000795580000,0x000000079d780000)
  from space 6144K, 43% used [0x000000079d780000,0x000000079da1c048,0x000000079dd80000)
  to   space 6656K, 0% used [0x00000007a6000000,0x00000007a6000000,0x00000007a6680000)
 ParOldGen       total 87552K, used 6522K [0x0000000740000000, 0x0000000745580000, 0x0000000795580000)
  object space 87552K, 7% used [0x0000000740000000,0x000000074065e8b8,0x0000000745580000)
 Metaspace       used 20617K, capacity 21064K, committed 21248K, reserved 1067008K
  class space    used 2810K, capacity 2959K, committed 3072K, reserved 1048576K
}
Event: 7.887 GC heap before
{Heap before GC invocations=8 (full 1):
 PSYoungGen      total 139264K, used 2672K [0x0000000795580000, 0x00000007a6680000, 0x00000007c0000000)
  eden space 133120K, 0% used [0x0000000795580000,0x0000000795580000,0x000000079d780000)
  from space 6144K, 43% used [0x000000079d780000,0x000000079da1c048,0x000000079dd80000)
  to   space 6656K, 0% used [0x00000007a6000000,0x00000007a6000000,0x00000007a6680000)
 ParOldGen       total 87552K, used 6522K [0x0000000740000000, 0x0000000745580000, 0x0000000795580000)
  object space 87552K, 7% used [0x0000000740000000,0x000000074065e8b8,0x0000000745580000)
 Metaspace       used 20617K, capacity 21064K, committed 21248K, reserved 1067008K
  class space    used 2810K, capacity 2959K, committed 3072K, reserved 1048576K
Event: 7.935 GC heap after
Heap after GC invocations=8 (full 1):
 PSYoungGen      total 139264K, used 0K [0x0000000795580000, 0x00000007a6680000, 0x00000007c0000000)
  eden space 133120K, 0% used [0x0000000795580000,0x0000000795580000,0x000000079d780000)
  from space 6144K, 0% used [0x000000079d780000,0x000000079d780000,0x000000079dd80000)
  to   space 6656K, 0% used [0x00000007a6000000,0x00000007a6000000,0x00000007a6680000)
 ParOldGen       total 46592K, used 8025K [0x0000000740000000, 0x0000000742d80000, 0x0000000795580000)
  object space 46592K, 17% used [0x0000000740000000,0x00000007407d6440,0x0000000742d80000)
 Metaspace       used 20617K, capacity 21064K, committed 21248K, reserved 1067008K
  class space    used 2810K, capacity 2959K, committed 3072K, reserved 1048576K
}
Event: 279.427 GC heap before
{Heap before GC invocations=9 (full 1):
 PSYoungGen      total 139264K, used 133120K [0x0000000795580000, 0x00000007a6680000, 0x00000007c0000000)
  eden space 133120K, 100% used [0x0000000795580000,0x000000079d780000,0x000000079d780000)
  from space 6144K, 0% used [0x000000079d780000,0x000000079d780000,0x000000079dd80000)
  to   space 6656K, 0% used [0x00000007a6000000,0x00000007a6000000,0x00000007a6680000)
 ParOldGen       total 46592K, used 8025K [0x0000000740000000, 0x0000000742d80000, 0x0000000795580000)
  object space 46592K, 17% used [0x0000000740000000,0x00000007407d6440,0x0000000742d80000)
 Metaspace       used 26934K, capacity 27940K, committed 28032K, reserved 1073152K
  class space    used 3711K, capacity 3923K, committed 3968K, reserved 1048576K
Event: 279.442 GC heap after
Heap after GC invocations=9 (full 1):
 PSYoungGen      total 265216K, used 6627K [0x0000000795580000, 0x00000007a6680000, 0x00000007c0000000)
  eden space 258560K, 0% used [0x0000000795580000,0x0000000795580000,0x00000007a5200000)
  from space 6656K, 99% used [0x00000007a6000000,0x00000007a6678c20,0x00000007a6680000)
  to   space 9728K, 0% used [0x00000007a5380000,0x00000007a5380000,0x00000007a5d00000)
 ParOldGen       total 46592K, used 13134K [0x0000000740000000, 0x0000000742d80000, 0x0000000795580000)
  object space 46592K, 28% used [0x0000000740000000,0x0000000740cd3bb8,0x0000000742d80000)
 Metaspace       used 26934K, capacity 27940K, committed 28032K, reserved 1073152K
  class space    used 3711K, capacity 3923K, committed 3968K, reserved 1048576K
}

