# JRE version: Java(TM) SE Runtime Environment (8.0_111-b14) (build 1.8.0_111-b14)
# Java VM: Java HotSpot(TM) 64-Bit Server VM (25.111-b14 mixed mode bsd-amd64 compressed oops)
Heap:
 PSYoungGen      total 270336K, used 65718K [0x0000000795580000, 0x00000007af780000, 0x00000007c0000000)
  eden space 261120K, 21% used [0x0000000795580000,0x0000000798cb27a0,0x00000007a5480000)
  from space 9216K, 99% used [0x00000007a5480000,0x00000007a5d7b450,0x00000007a5d80000)
  to   space 12288K, 0% used [0x00000007aeb80000,0x00000007aeb80000,0x00000007af780000)
 ParOldGen       total 46080K, used 17948K [0x0000000740000000, 0x0000000742d00000, 0x0000000795580000)
  object space 46080K, 38% used [0x0000000740000000,0x0000000741187218,0x0000000742d00000)
 Metaspace       used 29058K, capacity 30068K, committed 30208K, reserved 1075200K
  class space    used 3870K, capacity 4085K, committed 4096K, reserved 1048576K
GC Heap History (10 events):
Event: 8.102 GC heap before
{Heap before GC invocations=6 (full 0):
 PSYoungGen      total 71680K, used 71570K [0x0000000795580000, 0x000000079e380000, 0x00000007c0000000)
  eden space 66560K, 99% used [0x0000000795580000,0x0000000799664f40,0x0000000799680000)
  from space 5120K, 99% used [0x0000000799680000,0x0000000799b7fad8,0x0000000799b80000)
  to   space 6144K, 0% used [0x000000079dd80000,0x000000079dd80000,0x000000079e380000)
 ParOldGen       total 87552K, used 1599K [0x0000000740000000, 0x0000000745580000, 0x0000000795580000)
  object space 87552K, 1% used [0x0000000740000000,0x000000074018ff78,0x0000000745580000)
 Metaspace       used 19267K, capacity 19748K, committed 19968K, reserved 1067008K
  class space    used 2609K, capacity 2757K, committed 2816K, reserved 1048576K
Event: 8.110 GC heap after
Heap after GC invocations=6 (full 0):
 PSYoungGen      total 139264K, used 5147K [0x0000000795580000, 0x000000079e380000, 0x00000007c0000000)
  eden space 133120K, 0% used [0x0000000795580000,0x0000000795580000,0x000000079d780000)
  from space 6144K, 83% used [0x000000079dd80000,0x000000079e286f90,0x000000079e380000)
  to   space 6144K, 0% used [0x000000079d780000,0x000000079d780000,0x000000079dd80000)
 ParOldGen       total 87552K, used 1599K [0x0000000740000000, 0x0000000745580000, 0x0000000795580000)
  object space 87552K, 1% used [0x0000000740000000,0x000000074018ff78,0x0000000745580000)
 Metaspace       used 19267K, capacity 19748K, committed 19968K, reserved 1067008K
  class space    used 2609K, capacity 2757K, committed 2816K, reserved 1048576K
}
Event: 8.582 GC heap before
{Heap before GC invocations=7 (full 0):
 PSYoungGen      total 139264K, used 62917K [0x0000000795580000, 0x000000079e380000, 0x00000007c0000000)
  eden space 133120K, 43% used [0x0000000795580000,0x0000000798dea600,0x000000079d780000)
  from space 6144K, 83% used [0x000000079dd80000,0x000000079e286f90,0x000000079e380000)
  to   space 6144K, 0% used [0x000000079d780000,0x000000079d780000,0x000000079dd80000)
 ParOldGen       total 87552K, used 1599K [0x0000000740000000, 0x0000000745580000, 0x0000000795580000)
  object space 87552K, 1% used [0x0000000740000000,0x000000074018ff78,0x0000000745580000)
 Metaspace       used 20618K, capacity 21064K, committed 21248K, reserved 1067008K
  class space    used 2814K, capacity 2959K, committed 3072K, reserved 1048576K
Event: 8.596 GC heap after
Heap after GC invocations=7 (full 0):
 PSYoungGen      total 139264K, used 2704K [0x0000000795580000, 0x00000007a6680000, 0x00000007c0000000)
  eden space 133120K, 0% used [0x0000000795580000,0x0000000795580000,0x000000079d780000)
  from space 6144K, 44% used [0x000000079d780000,0x000000079da24048,0x000000079dd80000)
  to   space 6656K, 0% used [0x00000007a6000000,0x00000007a6000000,0x00000007a6680000)
 ParOldGen       total 87552K, used 6496K [0x0000000740000000, 0x0000000745580000, 0x0000000795580000)
  object space 87552K, 7% used [0x0000000740000000,0x0000000740658278,0x0000000745580000)
 Metaspace       used 20618K, capacity 21064K, committed 21248K, reserved 1067008K
  class space    used 2814K, capacity 2959K, committed 3072K, reserved 1048576K
}
Event: 8.596 GC heap before
{Heap before GC invocations=8 (full 1):
 PSYoungGen      total 139264K, used 2704K [0x0000000795580000, 0x00000007a6680000, 0x00000007c0000000)
  eden space 133120K, 0% used [0x0000000795580000,0x0000000795580000,0x000000079d780000)
  from space 6144K, 44% used [0x000000079d780000,0x000000079da24048,0x000000079dd80000)
  to   space 6656K, 0% used [0x00000007a6000000,0x00000007a6000000,0x00000007a6680000)
 ParOldGen       total 87552K, used 6496K [0x0000000740000000, 0x0000000745580000, 0x0000000795580000)
  object space 87552K, 7% used [0x0000000740000000,0x0000000740658278,0x0000000745580000)
 Metaspace       used 20618K, capacity 21064K, committed 21248K, reserved 1067008K
  class space    used 2814K, capacity 2959K, committed 3072K, reserved 1048576K
Event: 8.665 GC heap after
Heap after GC invocations=8 (full 1):
 PSYoungGen      total 139264K, used 0K [0x0000000795580000, 0x00000007a6680000, 0x00000007c0000000)
  eden space 133120K, 0% used [0x0000000795580000,0x0000000795580000,0x000000079d780000)
  from space 6144K, 0% used [0x000000079d780000,0x000000079d780000,0x000000079dd80000)
  to   space 6656K, 0% used [0x00000007a6000000,0x00000007a6000000,0x00000007a6680000)
 ParOldGen       total 46080K, used 8014K [0x0000000740000000, 0x0000000742d00000, 0x0000000795580000)
  object space 46080K, 17% used [0x0000000740000000,0x00000007407d3b98,0x0000000742d00000)
 Metaspace       used 20618K, capacity 21064K, committed 21248K, reserved 1067008K
  class space    used 2814K, capacity 2959K, committed 3072K, reserved 1048576K
}
Event: 175.751 GC heap before
{Heap before GC invocations=9 (full 1):
 PSYoungGen      total 139264K, used 133120K [0x0000000795580000, 0x00000007a6680000, 0x00000007c0000000)
  eden space 133120K, 100% used [0x0000000795580000,0x000000079d780000,0x000000079d780000)
  from space 6144K, 0% used [0x000000079d780000,0x000000079d780000,0x000000079dd80000)
  to   space 6656K, 0% used [0x00000007a6000000,0x00000007a6000000,0x00000007a6680000)
 ParOldGen       total 46080K, used 8014K [0x0000000740000000, 0x0000000742d00000, 0x0000000795580000)
  object space 46080K, 17% used [0x0000000740000000,0x00000007407d3b98,0x0000000742d00000)
 Metaspace       used 26024K, capacity 26902K, committed 27136K, reserved 1073152K
  class space    used 3598K, capacity 3772K, committed 3840K, reserved 1048576K
Event: 175.772 GC heap after
Heap after GC invocations=9 (full 1):
 PSYoungGen      total 265728K, used 6637K [0x0000000795580000, 0x00000007a6680000, 0x00000007c0000000)
  eden space 259072K, 0% used [0x0000000795580000,0x0000000795580000,0x00000007a5280000)
  from space 6656K, 99% used [0x00000007a6000000,0x00000007a667b4e8,0x00000007a6680000)
  to   space 9216K, 0% used [0x00000007a5480000,0x00000007a5480000,0x00000007a5d80000)
 ParOldGen       total 46080K, used 12066K [0x0000000740000000, 0x0000000742d00000, 0x0000000795580000)
  object space 46080K, 26% used [0x0000000740000000,0x0000000740bc8b18,0x0000000742d00000)
 Metaspace       used 26024K, capacity 26902K, committed 27136K, reserved 1073152K
  class space    used 3598K, capacity 3772K, committed 3840K, reserved 1048576K
}
Event: 210.405 GC heap before
{Heap before GC invocations=10 (full 1):
 PSYoungGen      total 265728K, used 265709K [0x0000000795580000, 0x00000007a6680000, 0x00000007c0000000)
  eden space 259072K, 100% used [0x0000000795580000,0x00000007a5280000,0x00000007a5280000)
  from space 6656K, 99% used [0x00000007a6000000,0x00000007a667b4e8,0x00000007a6680000)
  to   space 9216K, 0% used [0x00000007a5480000,0x00000007a5480000,0x00000007a5d80000)
 ParOldGen       total 46080K, used 12066K [0x0000000740000000, 0x0000000742d00000, 0x0000000795580000)
  object space 46080K, 26% used [0x0000000740000000,0x0000000740bc8b18,0x0000000742d00000)
 Metaspace       used 28944K, capacity 29992K, committed 30208K, reserved 1075200K
  class space    used 3865K, capacity 4083K, committed 4096K, reserved 1048576K
Event: 210.420 GC heap after
Heap after GC invocations=10 (full 1):
 PSYoungGen      total 270336K, used 9197K [0x0000000795580000, 0x00000007af780000, 0x00000007c0000000)
  eden space 261120K, 0% used [0x0000000795580000,0x0000000795580000,0x00000007a5480000)
  from space 9216K, 99% used [0x00000007a5480000,0x00000007a5d7b450,0x00000007a5d80000)
  to   space 12288K, 0% used [0x00000007aeb80000,0x00000007aeb80000,0x00000007af780000)
 ParOldGen       total 46080K, used 17948K [0x0000000740000000, 0x0000000742d00000, 0x0000000795580000)
  object space 46080K, 38% used [0x0000000740000000,0x0000000741187218,0x0000000742d00000)
 Metaspace       used 28944K, capacity 29992K, committed 30208K, reserved 1075200K
  class space    used 3865K, capacity 4083K, committed 4096K, reserved 1048576K
}

