# JRE version: Java(TM) SE Runtime Environment (8.0_111-b14) (build 1.8.0_111-b14)
# Java VM: Java HotSpot(TM) 64-Bit Server VM (25.111-b14 mixed mode bsd-amd64 compressed oops)
Heap:
 PSYoungGen      total 137728K, used 42141K [0x0000000795580000, 0x00000007a7280000, 0x00000007c0000000)
  eden space 133120K, 31% used [0x0000000795580000,0x0000000797ea74d8,0x000000079d780000)
  from space 4608K, 0% used [0x000000079d780000,0x000000079d780000,0x000000079dc00000)
  to   space 12800K, 0% used [0x00000007a6600000,0x00000007a6600000,0x00000007a7280000)
 ParOldGen       total 59392K, used 16538K [0x0000000740000000, 0x0000000743a00000, 0x0000000795580000)
  object space 59392K, 27% used [0x0000000740000000,0x0000000741026a50,0x0000000743a00000)
 Metaspace       used 21767K, capacity 22758K, committed 22784K, reserved 1069056K
  class space    used 3074K, capacity 3314K, committed 3328K, reserved 1048576K
GC Heap History (10 events):
Event: 1.474 GC heap before
{Heap before GC invocations=4 (full 0):
 PSYoungGen      total 38400K, used 37146K [0x0000000795580000, 0x000000079a080000, 0x00000007c0000000)
  eden space 33280K, 99% used [0x0000000795580000,0x00000007975eba18,0x0000000797600000)
  from space 5120K, 77% used [0x0000000797600000,0x00000007979dafd0,0x0000000797b00000)
  to   space 5120K, 0% used [0x0000000799b80000,0x0000000799b80000,0x000000079a080000)
 ParOldGen       total 87552K, used 24K [0x0000000740000000, 0x0000000745580000, 0x0000000795580000)
  object space 87552K, 0% used [0x0000000740000000,0x0000000740006000,0x0000000745580000)
 Metaspace       used 14295K, capacity 14772K, committed 14976K, reserved 1062912K
  class space    used 1972K, capacity 2111K, committed 2176K, reserved 1048576K
Event: 1.481 GC heap after
Heap after GC invocations=4 (full 0):
 PSYoungGen      total 71680K, used 4000K [0x0000000795580000, 0x000000079a080000, 0x00000007c0000000)
  eden space 66560K, 0% used [0x0000000795580000,0x0000000795580000,0x0000000799680000)
  from space 5120K, 78% used [0x0000000799b80000,0x0000000799f68190,0x000000079a080000)
  to   space 5120K, 0% used [0x0000000799680000,0x0000000799680000,0x0000000799b80000)
 ParOldGen       total 87552K, used 24K [0x0000000740000000, 0x0000000745580000, 0x0000000795580000)
  object space 87552K, 0% used [0x0000000740000000,0x0000000740006000,0x0000000745580000)
 Metaspace       used 14295K, capacity 14772K, committed 14976K, reserved 1062912K
  class space    used 1972K, capacity 2111K, committed 2176K, reserved 1048576K
}
Event: 1.516 GC heap before
{Heap before GC invocations=5 (full 0):
 PSYoungGen      total 71680K, used 70432K [0x0000000795580000, 0x000000079a080000, 0x00000007c0000000)
  eden space 66560K, 99% used [0x0000000795580000,0x00000007996600b8,0x0000000799680000)
  from space 5120K, 78% used [0x0000000799b80000,0x0000000799f68190,0x000000079a080000)
  to   space 5120K, 0% used [0x0000000799680000,0x0000000799680000,0x0000000799b80000)
 ParOldGen       total 87552K, used 24K [0x0000000740000000, 0x0000000745580000, 0x0000000795580000)
  object space 87552K, 0% used [0x0000000740000000,0x0000000740006000,0x0000000745580000)
 Metaspace       used 14295K, capacity 14772K, committed 14976K, reserved 1062912K
  class space    used 1972K, capacity 2111K, committed 2176K, reserved 1048576K
Event: 1.523 GC heap after
Heap after GC invocations=5 (full 0):
 PSYoungGen      total 71680K, used 3935K [0x0000000795580000, 0x000000079e080000, 0x00000007c0000000)
  eden space 66560K, 0% used [0x0000000795580000,0x0000000795580000,0x0000000799680000)
  from space 5120K, 76% used [0x0000000799680000,0x0000000799a57fb0,0x0000000799b80000)
  to   space 4608K, 0% used [0x000000079dc00000,0x000000079dc00000,0x000000079e080000)
 ParOldGen       total 87552K, used 32K [0x0000000740000000, 0x0000000745580000, 0x0000000795580000)
  object space 87552K, 0% used [0x0000000740000000,0x0000000740008000,0x0000000745580000)
 Metaspace       used 14295K, capacity 14772K, committed 14976K, reserved 1062912K
  class space    used 1972K, capacity 2111K, committed 2176K, reserved 1048576K
}
Event: 1.540 GC heap before
{Heap before GC invocations=6 (full 0):
 PSYoungGen      total 71680K, used 70429K [0x0000000795580000, 0x000000079e080000, 0x00000007c0000000)
  eden space 66560K, 99% used [0x0000000795580000,0x000000079966f760,0x0000000799680000)
  from space 5120K, 76% used [0x0000000799680000,0x0000000799a57fb0,0x0000000799b80000)
  to   space 4608K, 0% used [0x000000079dc00000,0x000000079dc00000,0x000000079e080000)
 ParOldGen       total 87552K, used 32K [0x0000000740000000, 0x0000000745580000, 0x0000000795580000)
  object space 87552K, 0% used [0x0000000740000000,0x0000000740008000,0x0000000745580000)
 Metaspace       used 14295K, capacity 14772K, committed 14976K, reserved 1062912K
  class space    used 1972K, capacity 2111K, committed 2176K, reserved 1048576K
Event: 1.546 GC heap after
Heap after GC invocations=6 (full 0):
 PSYoungGen      total 137728K, used 4014K [0x0000000795580000, 0x000000079e080000, 0x00000007c0000000)
  eden space 133120K, 0% used [0x0000000795580000,0x0000000795580000,0x000000079d780000)
  from space 4608K, 87% used [0x000000079dc00000,0x000000079dfeb8d8,0x000000079e080000)
  to   space 4608K, 0% used [0x000000079d780000,0x000000079d780000,0x000000079dc00000)
 ParOldGen       total 87552K, used 32K [0x0000000740000000, 0x0000000745580000, 0x0000000795580000)
  object space 87552K, 0% used [0x0000000740000000,0x0000000740008000,0x0000000745580000)
 Metaspace       used 14295K, capacity 14772K, committed 14976K, reserved 1062912K
  class space    used 1972K, capacity 2111K, committed 2176K, reserved 1048576K
}
Event: 5.295 GC heap before
{Heap before GC invocations=7 (full 0):
 PSYoungGen      total 137728K, used 120679K [0x0000000795580000, 0x000000079e080000, 0x00000007c0000000)
  eden space 133120K, 87% used [0x0000000795580000,0x000000079c76e498,0x000000079d780000)
  from space 4608K, 87% used [0x000000079dc00000,0x000000079dfeb8d8,0x000000079e080000)
  to   space 4608K, 0% used [0x000000079d780000,0x000000079d780000,0x000000079dc00000)
 ParOldGen       total 87552K, used 32K [0x0000000740000000, 0x0000000745580000, 0x0000000795580000)
  object space 87552K, 0% used [0x0000000740000000,0x0000000740008000,0x0000000745580000)
 Metaspace       used 20321K, capacity 21174K, committed 21296K, reserved 1067008K
  class space    used 2926K, capacity 3138K, committed 3200K, reserved 1048576K
Event: 5.314 GC heap after
Heap after GC invocations=7 (full 0):
 PSYoungGen      total 137728K, used 4596K [0x0000000795580000, 0x00000007a7280000, 0x00000007c0000000)
  eden space 133120K, 0% used [0x0000000795580000,0x0000000795580000,0x000000079d780000)
  from space 4608K, 99% used [0x000000079d780000,0x000000079dbfd148,0x000000079dc00000)
  to   space 12800K, 0% used [0x00000007a6600000,0x00000007a6600000,0x00000007a7280000)
 ParOldGen       total 87552K, used 15540K [0x0000000740000000, 0x0000000745580000, 0x0000000795580000)
  object space 87552K, 17% used [0x0000000740000000,0x0000000740f2d160,0x0000000745580000)
 Metaspace       used 20321K, capacity 21174K, committed 21296K, reserved 1067008K
  class space    used 2926K, capacity 3138K, committed 3200K, reserved 1048576K
}
Event: 5.314 GC heap before
{Heap before GC invocations=8 (full 1):
 PSYoungGen      total 137728K, used 4596K [0x0000000795580000, 0x00000007a7280000, 0x00000007c0000000)
  eden space 133120K, 0% used [0x0000000795580000,0x0000000795580000,0x000000079d780000)
  from space 4608K, 99% used [0x000000079d780000,0x000000079dbfd148,0x000000079dc00000)
  to   space 12800K, 0% used [0x00000007a6600000,0x00000007a6600000,0x00000007a7280000)
 ParOldGen       total 87552K, used 15540K [0x0000000740000000, 0x0000000745580000, 0x0000000795580000)
  object space 87552K, 17% used [0x0000000740000000,0x0000000740f2d160,0x0000000745580000)
 Metaspace       used 20321K, capacity 21174K, committed 21296K, reserved 1067008K
  class space    used 2926K, capacity 3138K, committed 3200K, reserved 1048576K
Event: 5.346 GC heap after
Heap after GC invocations=8 (full 1):
 PSYoungGen      total 137728K, used 0K [0x0000000795580000, 0x00000007a7280000, 0x00000007c0000000)
  eden space 133120K, 0% used [0x0000000795580000,0x0000000795580000,0x000000079d780000)
  from space 4608K, 0% used [0x000000079d780000,0x000000079d780000,0x000000079dc00000)
  to   space 12800K, 0% used [0x00000007a6600000,0x00000007a6600000,0x00000007a7280000)
 ParOldGen       total 59392K, used 16538K [0x0000000740000000, 0x0000000743a00000, 0x0000000795580000)
  object space 59392K, 27% used [0x0000000740000000,0x0000000741026a50,0x0000000743a00000)
 Metaspace       used 20321K, capacity 21174K, committed 21296K, reserved 1067008K
  class space    used 2926K, capacity 3138K, committed 3200K, reserved 1048576K
}

