# JRE version: Java(TM) SE Runtime Environment (8.0_111-b14) (build 1.8.0_111-b14)
# Java VM: Java HotSpot(TM) 64-Bit Server VM (25.111-b14 mixed mode bsd-amd64 compressed oops)
Heap:
 PSYoungGen      total 137728K, used 41001K [0x0000000795580000, 0x00000007a7280000, 0x00000007c0000000)
  eden space 133120K, 30% used [0x0000000795580000,0x0000000797d8a650,0x000000079d780000)
  from space 4608K, 0% used [0x000000079d780000,0x000000079d780000,0x000000079dc00000)
  to   space 12800K, 0% used [0x00000007a6600000,0x00000007a6600000,0x00000007a7280000)
 ParOldGen       total 59392K, used 16597K [0x0000000740000000, 0x0000000743a00000, 0x0000000795580000)
  object space 59392K, 27% used [0x0000000740000000,0x00000007410356f0,0x0000000743a00000)
 Metaspace       used 21755K, capacity 22701K, committed 22784K, reserved 1069056K
  class space    used 3068K, capacity 3276K, committed 3328K, reserved 1048576K
GC Heap History (10 events):
Event: 1.791 GC heap before
{Heap before GC invocations=4 (full 0):
 PSYoungGen      total 38400K, used 37158K [0x0000000795580000, 0x000000079a080000, 0x00000007c0000000)
  eden space 33280K, 99% used [0x0000000795580000,0x00000007975fefa0,0x0000000797600000)
  from space 5120K, 75% used [0x0000000797600000,0x00000007979ca890,0x0000000797b00000)
  to   space 5120K, 0% used [0x0000000799b80000,0x0000000799b80000,0x000000079a080000)
 ParOldGen       total 87552K, used 32K [0x0000000740000000, 0x0000000745580000, 0x0000000795580000)
  object space 87552K, 0% used [0x0000000740000000,0x0000000740008000,0x0000000745580000)
 Metaspace       used 14281K, capacity 14768K, committed 14976K, reserved 1062912K
  class space    used 1971K, capacity 2111K, committed 2176K, reserved 1048576K
Event: 1.806 GC heap after
Heap after GC invocations=4 (full 0):
 PSYoungGen      total 71680K, used 3969K [0x0000000795580000, 0x000000079a080000, 0x00000007c0000000)
  eden space 66560K, 0% used [0x0000000795580000,0x0000000795580000,0x0000000799680000)
  from space 5120K, 77% used [0x0000000799b80000,0x0000000799f604e0,0x000000079a080000)
  to   space 5120K, 0% used [0x0000000799680000,0x0000000799680000,0x0000000799b80000)
 ParOldGen       total 87552K, used 40K [0x0000000740000000, 0x0000000745580000, 0x0000000795580000)
  object space 87552K, 0% used [0x0000000740000000,0x000000074000a000,0x0000000745580000)
 Metaspace       used 14281K, capacity 14768K, committed 14976K, reserved 1062912K
  class space    used 1971K, capacity 2111K, committed 2176K, reserved 1048576K
}
Event: 1.852 GC heap before
{Heap before GC invocations=5 (full 0):
 PSYoungGen      total 71680K, used 70521K [0x0000000795580000, 0x000000079a080000, 0x00000007c0000000)
  eden space 66560K, 99% used [0x0000000795580000,0x000000079967dfe8,0x0000000799680000)
  from space 5120K, 77% used [0x0000000799b80000,0x0000000799f604e0,0x000000079a080000)
  to   space 5120K, 0% used [0x0000000799680000,0x0000000799680000,0x0000000799b80000)
 ParOldGen       total 87552K, used 40K [0x0000000740000000, 0x0000000745580000, 0x0000000795580000)
  object space 87552K, 0% used [0x0000000740000000,0x000000074000a000,0x0000000745580000)
 Metaspace       used 14281K, capacity 14768K, committed 14976K, reserved 1062912K
  class space    used 1971K, capacity 2111K, committed 2176K, reserved 1048576K
Event: 1.858 GC heap after
Heap after GC invocations=5 (full 0):
 PSYoungGen      total 71680K, used 3986K [0x0000000795580000, 0x000000079e080000, 0x00000007c0000000)
  eden space 66560K, 0% used [0x0000000795580000,0x0000000795580000,0x0000000799680000)
  from space 5120K, 77% used [0x0000000799680000,0x0000000799a649e0,0x0000000799b80000)
  to   space 4608K, 0% used [0x000000079dc00000,0x000000079dc00000,0x000000079e080000)
 ParOldGen       total 87552K, used 40K [0x0000000740000000, 0x0000000745580000, 0x0000000795580000)
  object space 87552K, 0% used [0x0000000740000000,0x000000074000a000,0x0000000745580000)
 Metaspace       used 14281K, capacity 14768K, committed 14976K, reserved 1062912K
  class space    used 1971K, capacity 2111K, committed 2176K, reserved 1048576K
}
Event: 1.877 GC heap before
{Heap before GC invocations=6 (full 0):
 PSYoungGen      total 71680K, used 70479K [0x0000000795580000, 0x000000079e080000, 0x00000007c0000000)
  eden space 66560K, 99% used [0x0000000795580000,0x000000079966f520,0x0000000799680000)
  from space 5120K, 77% used [0x0000000799680000,0x0000000799a649e0,0x0000000799b80000)
  to   space 4608K, 0% used [0x000000079dc00000,0x000000079dc00000,0x000000079e080000)
 ParOldGen       total 87552K, used 40K [0x0000000740000000, 0x0000000745580000, 0x0000000795580000)
  object space 87552K, 0% used [0x0000000740000000,0x000000074000a000,0x0000000745580000)
 Metaspace       used 14281K, capacity 14768K, committed 14976K, reserved 1062912K
  class space    used 1971K, capacity 2111K, committed 2176K, reserved 1048576K
Event: 1.884 GC heap after
Heap after GC invocations=6 (full 0):
 PSYoungGen      total 137728K, used 4031K [0x0000000795580000, 0x000000079e080000, 0x00000007c0000000)
  eden space 133120K, 0% used [0x0000000795580000,0x0000000795580000,0x000000079d780000)
  from space 4608K, 87% used [0x000000079dc00000,0x000000079dfefc40,0x000000079e080000)
  to   space 4608K, 0% used [0x000000079d780000,0x000000079d780000,0x000000079dc00000)
 ParOldGen       total 87552K, used 48K [0x0000000740000000, 0x0000000745580000, 0x0000000795580000)
  object space 87552K, 0% used [0x0000000740000000,0x000000074000c000,0x0000000745580000)
 Metaspace       used 14281K, capacity 14768K, committed 14976K, reserved 1062912K
  class space    used 1971K, capacity 2111K, committed 2176K, reserved 1048576K
}
Event: 6.429 GC heap before
{Heap before GC invocations=7 (full 0):
 PSYoungGen      total 137728K, used 123972K [0x0000000795580000, 0x000000079e080000, 0x00000007c0000000)
  eden space 133120K, 90% used [0x0000000795580000,0x000000079caa1488,0x000000079d780000)
  from space 4608K, 87% used [0x000000079dc00000,0x000000079dfefc40,0x000000079e080000)
  to   space 4608K, 0% used [0x000000079d780000,0x000000079d780000,0x000000079dc00000)
 ParOldGen       total 87552K, used 48K [0x0000000740000000, 0x0000000745580000, 0x0000000795580000)
  object space 87552K, 0% used [0x0000000740000000,0x000000074000c000,0x0000000745580000)
 Metaspace       used 20371K, capacity 21247K, committed 21296K, reserved 1067008K
  class space    used 2949K, capacity 3151K, committed 3200K, reserved 1048576K
Event: 6.445 GC heap after
Heap after GC invocations=7 (full 0):
 PSYoungGen      total 137728K, used 4583K [0x0000000795580000, 0x00000007a7280000, 0x00000007c0000000)
  eden space 133120K, 0% used [0x0000000795580000,0x0000000795580000,0x000000079d780000)
  from space 4608K, 99% used [0x000000079d780000,0x000000079dbf9c30,0x000000079dc00000)
  to   space 12800K, 0% used [0x00000007a6600000,0x00000007a6600000,0x00000007a7280000)
 ParOldGen       total 87552K, used 15630K [0x0000000740000000, 0x0000000745580000, 0x0000000795580000)
  object space 87552K, 17% used [0x0000000740000000,0x0000000740f439a8,0x0000000745580000)
 Metaspace       used 20371K, capacity 21247K, committed 21296K, reserved 1067008K
  class space    used 2949K, capacity 3151K, committed 3200K, reserved 1048576K
}
Event: 6.445 GC heap before
{Heap before GC invocations=8 (full 1):
 PSYoungGen      total 137728K, used 4583K [0x0000000795580000, 0x00000007a7280000, 0x00000007c0000000)
  eden space 133120K, 0% used [0x0000000795580000,0x0000000795580000,0x000000079d780000)
  from space 4608K, 99% used [0x000000079d780000,0x000000079dbf9c30,0x000000079dc00000)
  to   space 12800K, 0% used [0x00000007a6600000,0x00000007a6600000,0x00000007a7280000)
 ParOldGen       total 87552K, used 15630K [0x0000000740000000, 0x0000000745580000, 0x0000000795580000)
  object space 87552K, 17% used [0x0000000740000000,0x0000000740f439a8,0x0000000745580000)
 Metaspace       used 20371K, capacity 21247K, committed 21296K, reserved 1067008K
  class space    used 2949K, capacity 3151K, committed 3200K, reserved 1048576K
Event: 6.475 GC heap after
Heap after GC invocations=8 (full 1):
 PSYoungGen      total 137728K, used 0K [0x0000000795580000, 0x00000007a7280000, 0x00000007c0000000)
  eden space 133120K, 0% used [0x0000000795580000,0x0000000795580000,0x000000079d780000)
  from space 4608K, 0% used [0x000000079d780000,0x000000079d780000,0x000000079dc00000)
  to   space 12800K, 0% used [0x00000007a6600000,0x00000007a6600000,0x00000007a7280000)
 ParOldGen       total 59392K, used 16597K [0x0000000740000000, 0x0000000743a00000, 0x0000000795580000)
  object space 59392K, 27% used [0x0000000740000000,0x00000007410356f0,0x0000000743a00000)
 Metaspace       used 20371K, capacity 21247K, committed 21296K, reserved 1067008K
  class space    used 2949K, capacity 3151K, committed 3200K, reserved 1048576K
}

