# JRE version: Java(TM) SE Runtime Environment (8.0_111-b14) (build 1.8.0_111-b14)
# Java VM: Java HotSpot(TM) 64-Bit Server VM (25.111-b14 mixed mode bsd-amd64 compressed oops)
Heap:
 PSYoungGen      total 137728K, used 39161K [0x0000000795580000, 0x00000007a7180000, 0x00000007c0000000)
  eden space 133120K, 29% used [0x0000000795580000,0x0000000797bbe428,0x000000079d780000)
  from space 4608K, 0% used [0x000000079d780000,0x000000079d780000,0x000000079dc00000)
  to   space 12288K, 0% used [0x00000007a6580000,0x00000007a6580000,0x00000007a7180000)
 ParOldGen       total 58368K, used 16299K [0x0000000740000000, 0x0000000743900000, 0x0000000795580000)
  object space 58368K, 27% used [0x0000000740000000,0x0000000740feafb0,0x0000000743900000)
 Metaspace       used 21769K, capacity 22764K, committed 23040K, reserved 1069056K
  class space    used 3069K, capacity 3275K, committed 3328K, reserved 1048576K
GC Heap History (10 events):
Event: 1.811 GC heap before
{Heap before GC invocations=4 (full 0):
 PSYoungGen      total 38400K, used 37206K [0x0000000795580000, 0x000000079a080000, 0x00000007c0000000)
  eden space 33280K, 99% used [0x0000000795580000,0x00000007975fee28,0x0000000797600000)
  from space 5120K, 76% used [0x0000000797600000,0x00000007979d6bf8,0x0000000797b00000)
  to   space 5120K, 0% used [0x0000000799b80000,0x0000000799b80000,0x000000079a080000)
 ParOldGen       total 87552K, used 32K [0x0000000740000000, 0x0000000745580000, 0x0000000795580000)
  object space 87552K, 0% used [0x0000000740000000,0x0000000740008000,0x0000000745580000)
 Metaspace       used 14273K, capacity 14772K, committed 14976K, reserved 1062912K
  class space    used 1974K, capacity 2111K, committed 2176K, reserved 1048576K
Event: 1.816 GC heap after
Heap after GC invocations=4 (full 0):
 PSYoungGen      total 71680K, used 3999K [0x0000000795580000, 0x000000079a080000, 0x00000007c0000000)
  eden space 66560K, 0% used [0x0000000795580000,0x0000000795580000,0x0000000799680000)
  from space 5120K, 78% used [0x0000000799b80000,0x0000000799f67df8,0x000000079a080000)
  to   space 5120K, 0% used [0x0000000799680000,0x0000000799680000,0x0000000799b80000)
 ParOldGen       total 87552K, used 32K [0x0000000740000000, 0x0000000745580000, 0x0000000795580000)
  object space 87552K, 0% used [0x0000000740000000,0x0000000740008000,0x0000000745580000)
 Metaspace       used 14273K, capacity 14772K, committed 14976K, reserved 1062912K
  class space    used 1974K, capacity 2111K, committed 2176K, reserved 1048576K
}
Event: 1.847 GC heap before
{Heap before GC invocations=5 (full 0):
 PSYoungGen      total 71680K, used 70549K [0x0000000795580000, 0x000000079a080000, 0x00000007c0000000)
  eden space 66560K, 99% used [0x0000000795580000,0x000000079967d7c0,0x0000000799680000)
  from space 5120K, 78% used [0x0000000799b80000,0x0000000799f67df8,0x000000079a080000)
  to   space 5120K, 0% used [0x0000000799680000,0x0000000799680000,0x0000000799b80000)
 ParOldGen       total 87552K, used 32K [0x0000000740000000, 0x0000000745580000, 0x0000000795580000)
  object space 87552K, 0% used [0x0000000740000000,0x0000000740008000,0x0000000745580000)
 Metaspace       used 14273K, capacity 14772K, committed 14976K, reserved 1062912K
  class space    used 1974K, capacity 2111K, committed 2176K, reserved 1048576K
Event: 1.852 GC heap after
Heap after GC invocations=5 (full 0):
 PSYoungGen      total 71680K, used 4019K [0x0000000795580000, 0x000000079e080000, 0x00000007c0000000)
  eden space 66560K, 0% used [0x0000000795580000,0x0000000795580000,0x0000000799680000)
  from space 5120K, 78% used [0x0000000799680000,0x0000000799a6cd38,0x0000000799b80000)
  to   space 4608K, 0% used [0x000000079dc00000,0x000000079dc00000,0x000000079e080000)
 ParOldGen       total 87552K, used 32K [0x0000000740000000, 0x0000000745580000, 0x0000000795580000)
  object space 87552K, 0% used [0x0000000740000000,0x0000000740008000,0x0000000745580000)
 Metaspace       used 14273K, capacity 14772K, committed 14976K, reserved 1062912K
  class space    used 1974K, capacity 2111K, committed 2176K, reserved 1048576K
}
Event: 1.868 GC heap before
{Heap before GC invocations=6 (full 0):
 PSYoungGen      total 71680K, used 70511K [0x0000000795580000, 0x000000079e080000, 0x00000007c0000000)
  eden space 66560K, 99% used [0x0000000795580000,0x000000079966f0e8,0x0000000799680000)
  from space 5120K, 78% used [0x0000000799680000,0x0000000799a6cd38,0x0000000799b80000)
  to   space 4608K, 0% used [0x000000079dc00000,0x000000079dc00000,0x000000079e080000)
 ParOldGen       total 87552K, used 32K [0x0000000740000000, 0x0000000745580000, 0x0000000795580000)
  object space 87552K, 0% used [0x0000000740000000,0x0000000740008000,0x0000000745580000)
 Metaspace       used 14273K, capacity 14772K, committed 14976K, reserved 1062912K
  class space    used 1974K, capacity 2111K, committed 2176K, reserved 1048576K
Event: 1.874 GC heap after
Heap after GC invocations=6 (full 0):
 PSYoungGen      total 137728K, used 4088K [0x0000000795580000, 0x000000079e080000, 0x00000007c0000000)
  eden space 133120K, 0% used [0x0000000795580000,0x0000000795580000,0x000000079d780000)
  from space 4608K, 88% used [0x000000079dc00000,0x000000079dffe000,0x000000079e080000)
  to   space 4608K, 0% used [0x000000079d780000,0x000000079d780000,0x000000079dc00000)
 ParOldGen       total 87552K, used 32K [0x0000000740000000, 0x0000000745580000, 0x0000000795580000)
  object space 87552K, 0% used [0x0000000740000000,0x0000000740008000,0x0000000745580000)
 Metaspace       used 14273K, capacity 14772K, committed 14976K, reserved 1062912K
  class space    used 1974K, capacity 2111K, committed 2176K, reserved 1048576K
}
Event: 16.739 GC heap before
{Heap before GC invocations=7 (full 0):
 PSYoungGen      total 137728K, used 120114K [0x0000000795580000, 0x000000079e080000, 0x00000007c0000000)
  eden space 133120K, 87% used [0x0000000795580000,0x000000079c6ceb68,0x000000079d780000)
  from space 4608K, 88% used [0x000000079dc00000,0x000000079dffe000,0x000000079e080000)
  to   space 4608K, 0% used [0x000000079d780000,0x000000079d780000,0x000000079dc00000)
 ParOldGen       total 87552K, used 32K [0x0000000740000000, 0x0000000745580000, 0x0000000795580000)
  object space 87552K, 0% used [0x0000000740000000,0x0000000740008000,0x0000000745580000)
 Metaspace       used 20374K, capacity 21176K, committed 21296K, reserved 1067008K
  class space    used 2921K, capacity 3137K, committed 3200K, reserved 1048576K
Event: 16.769 GC heap after
Heap after GC invocations=7 (full 0):
 PSYoungGen      total 137728K, used 4578K [0x0000000795580000, 0x00000007a7180000, 0x00000007c0000000)
  eden space 133120K, 0% used [0x0000000795580000,0x0000000795580000,0x000000079d780000)
  from space 4608K, 99% used [0x000000079d780000,0x000000079dbf8b20,0x000000079dc00000)
  to   space 12288K, 0% used [0x00000007a6580000,0x00000007a6580000,0x00000007a7180000)
 ParOldGen       total 87552K, used 15308K [0x0000000740000000, 0x0000000745580000, 0x0000000795580000)
  object space 87552K, 17% used [0x0000000740000000,0x0000000740ef3000,0x0000000745580000)
 Metaspace       used 20374K, capacity 21176K, committed 21296K, reserved 1067008K
  class space    used 2921K, capacity 3137K, committed 3200K, reserved 1048576K
}
Event: 16.769 GC heap before
{Heap before GC invocations=8 (full 1):
 PSYoungGen      total 137728K, used 4578K [0x0000000795580000, 0x00000007a7180000, 0x00000007c0000000)
  eden space 133120K, 0% used [0x0000000795580000,0x0000000795580000,0x000000079d780000)
  from space 4608K, 99% used [0x000000079d780000,0x000000079dbf8b20,0x000000079dc00000)
  to   space 12288K, 0% used [0x00000007a6580000,0x00000007a6580000,0x00000007a7180000)
 ParOldGen       total 87552K, used 15308K [0x0000000740000000, 0x0000000745580000, 0x0000000795580000)
  object space 87552K, 17% used [0x0000000740000000,0x0000000740ef3000,0x0000000745580000)
 Metaspace       used 20374K, capacity 21176K, committed 21296K, reserved 1067008K
  class space    used 2921K, capacity 3137K, committed 3200K, reserved 1048576K
Event: 16.818 GC heap after
Heap after GC invocations=8 (full 1):
 PSYoungGen      total 137728K, used 0K [0x0000000795580000, 0x00000007a7180000, 0x00000007c0000000)
  eden space 133120K, 0% used [0x0000000795580000,0x0000000795580000,0x000000079d780000)
  from space 4608K, 0% used [0x000000079d780000,0x000000079d780000,0x000000079dc00000)
  to   space 12288K, 0% used [0x00000007a6580000,0x00000007a6580000,0x00000007a7180000)
 ParOldGen       total 58368K, used 16299K [0x0000000740000000, 0x0000000743900000, 0x0000000795580000)
  object space 58368K, 27% used [0x0000000740000000,0x0000000740feafb0,0x0000000743900000)
 Metaspace       used 20374K, capacity 21176K, committed 21296K, reserved 1067008K
  class space    used 2921K, capacity 3137K, committed 3200K, reserved 1048576K
}

